        -:    0:Source:main.cpp
        -:    0:Graph:main.gcno
        -:    0:Data:main.gcda
        -:    0:Runs:5
        -:    0:Programs:4
        -:    1:#include "../Headers/Piece.hpp"
        -:    2:#include "../Headers/Test_Piece.hpp"
        -:    3:
        -:    4:using namespace std;
        -:    5:
        -:    6:void test(void);
        -:    7:
        5:    8:int main()
        -:    9:{
        5:   10:	system("clear");
        -:   11:
        5:   12:	test();
        5:   13:	return 0;
        -:   14:}
        -:   15:
        5:   16:void test(void)
        -:   17:{
        -:   18:	Test_Piece piece;
        -:   19:
        5:   20:	if (piece.run())
        2:   21:		cout << "SUCESSO" << endl;
        -:   22:	else
        3:   23:		cout << "FALHA" << endl;
       20:   24:}
