        -:    0:Source:main.cpp
        -:    0:Graph:main.gcno
        -:    0:Data:main.gcda
        -:    0:Runs:1
        -:    0:Programs:1
        -:    1:#include "../Headers/Piece.hpp"
        -:    2:#include "../Headers/Test_Piece.hpp"
        -:    3:
        -:    4:#include <iostream>
        -:    5:
        -:    6:using namespace std;
        -:    7:
        -:    8:void test(void);
        -:    9:
        1:   10:int main()
        -:   11:{
        1:   12:	system("clear");
        -:   13:
        1:   14:	test();
        1:   15:	return 0;
        -:   16:}
        -:   17:
        1:   18:void test(void)
        -:   19:{
        -:   20:	Test_Piece piece;
        -:   21:
        1:   22:	if (piece.run())
        1:   23:		cout << "SUCESSO" << endl;
        -:   24:	else
    #####:   25:		cout << "FALHA" << endl;
        4:   26:}
